e: file:///home/espala/Exercicios/EPs/DynamDocumentation/backend/src/main/kotlin/com/dynam/models/Models.kt:129:27 Type mismatch: inferred type is String? but String was expected

FAILURE: Build failed with an exception.

* What went wrong:
Execution failed for task ':compileKotlin'.
> A failure occurred while executing org.jetbrains.kotlin.compilerRunner.GradleCompilerRunnerWithWorkers$GradleKotlinCompilerWorkAction
   > Compilation error. See log for more details

* Try:
> Run with --stacktrace option to get the stack trace.
> Run with --info or --debug option to get more log output.
> Run with --scan to get full insights.
e: file:///home/espala/Exercicios/EPs/DynamDocumentation/backend/src/main/kotlin/com/dynam/models/Models.kt:129:27 Type mismatch: inferred type is String? but String was expected

FAILURE: Build failed with an exception.

* What went wrong:
Execution failed for task ':compileKotlin'.
> A failure occurred while executing org.jetbrains.kotlin.compilerRunner.GradleCompilerRunnerWithWorkers$GradleKotlinCompilerWorkAction
   > Compilation error. See log for more details

* Try:
> Run with --stacktrace option to get the stack trace.
> Run with --info or --debug option to get more log output.
> Run with --scan to get full insights.
> > Get more help at Get more help at https://help.gradle.orghttps://help.gradle.org..



BUILD FAILEDBUILD FAILED in 1s in 1s

e: file:///home/espala/Exercicios/EPs/DynamDocumentation/backend/src/main/kotlin/com/dynam/models/Models.kt:129:27 Type mismatch: inferred type is String? but String was expectede: file:///home/espala/Exercicios/EPs/DynamDocumentation/backend/src/main/kotlin/com/dynam/models/Models.kt:129:27 Type mismatch: inferred type is String? but String was expected


FAILURE: 
FAILURE: Build failed with an exception.

Build failed with an exception.

* What went wrong:* What went wrong:

Execution failed for task ':compileKotlin'.
> Execution failed for task ':compileKotlin'.
> A failure occurred while executing org.jetbrains.kotlin.compilerRunner.GradleCompilerRunnerWithWorkers$GradleKotlinCompilerWorkAction
   A failure occurred while executing org.jetbrains.kotlin.compilerRunner.GradleCompilerRunnerWithWorkers$GradleKotlinCompilerWorkAction
   > Compilation error. See log for more details
> Compilation error. See log for more details

* Try:
> 
* Try:
> Run with --stacktrace option to get the stack trace.Run with --stacktrace option to get the stack trace.
> Run with --info
> Run with --info or --debug option to get more log output.
>  or --debug option to get more log output.
> Run with Run with --scan to get full insights.
> --scan to get full insights.
> Get more help at Get more help at https://help.gradle.org.

BUILD FAILED in 1s
https://help.gradle.org.

BUILD FAILED in 1s
